<?xml version="1.0" encoding="UTF-8" ?>
<testsuite tests="1" failures="0" name="knearestneighbor.demo.AppTest"
	time="0.019" errors="0" skipped="0">
	<properties>
		<property name="java.vendor" value="Oracle Corporation" />
		<property name="env.SYSTEMROOT" value="C:\WINDOWS" />
		<property name="localRepository" value="C:\Users\nguye\.m2\repository" />
		<property name="env.USERDOMAIN_ROAMINGPROFILE" value="DESKTOP-JMQKD8S" />
		<property name="sun.java.launcher" value="SUN_STANDARD" />
		<property name="sun.management.compiler" value="HotSpot 64-Bit Tiered Compilers" />
		<property name="env.ONEDRIVE" value="E:\OneDrive" />
		<property name="env.PROMPT" value="$P$G" />
		<property name="env.WDIR" value="G:\" />
		<property name="os.name" value="Windows 10" />
		<property name="sun.boot.class.path"
			value="C:\Program Files\Java\jdk1.8.0_131\jre\lib\resources.jar;C:\Program Files\Java\jdk1.8.0_131\jre\lib\rt.jar;C:\Program Files\Java\jdk1.8.0_131\jre\lib\sunrsasign.jar;C:\Program Files\Java\jdk1.8.0_131\jre\lib\jsse.jar;C:\Program Files\Java\jdk1.8.0_131\jre\lib\jce.jar;C:\Program Files\Java\jdk1.8.0_131\jre\lib\charsets.jar;C:\Program Files\Java\jdk1.8.0_131\jre\lib\jfr.jar;C:\Program Files\Java\jdk1.8.0_131\jre\classes" />
		<property name="env.COMPUTERNAME" value="DESKTOP-JMQKD8S" />
		<property name="env.ALLUSERSPROFILE" value="C:\ProgramData" />
		<property name="sun.desktop" value="windows" />
		<property name="java.vm.specification.vendor" value="Oracle Corporation" />
		<property name="java.runtime.version" value="1.8.0_131-b11" />
		<property name="env.HOMEPATH" value="\Users\nguye" />
		<property name="user.name" value="nguye" />
		<property name="maven.build.version"
			value="Apache Maven 3.5.0 (ff8f5e7444045639af65f6095c62210b5713f426; 2017-04-04T02:39:06+07:00)" />
		<property name="env.PATH"
			value="C:\WINDOWS\system32;C:\WINDOWS;C:\WINDOWS\System32\Wbem;C:\WINDOWS\System32\WindowsPowerShell\v1.0\;C:\Program Files\Microsoft SQL Server\120\Tools\Binn\;C:\Program Files\Microsoft SQL Server\130\Tools\Binn\;C:\Program Files\Microsoft SQL Server\120\DTS\Binn\;C:\Program Files\Microsoft SQL Server\Client SDK\ODBC\110\Tools\Binn\;C:\Program Files (x86)\Microsoft SQL Server\120\Tools\Binn\;C:\Program Files (x86)\Microsoft SQL Server\120\Tools\Binn\ManagementStudio\;C:\Program Files (x86)\Microsoft SQL Server\120\DTS\Binn\;C:\Program Files\nodejs\;C:\Program Files\Git\cmd;C:\MinGW\bin;C:\Program Files\Java\jdk1.8.0_131\bin;C:\Users\nguye\AppData\Roaming\npm;C:\adb;C:\WINDOWS\system32;C:\WINDOWS;C:\WINDOWS\System32\Wbem;C:\WINDOWS\System32\WindowsPowerShell\v1.0\;C:\Users\nguye\AppData\Local\Android\sdk;C:\Program Files\dotnet\;E:\Soft\apache-maven-3.5.0\bin;G:\Spark-Hadoop\Spark\spark-2.2.0-bin-hadoop2\spark-2.2.0-bin-hadoop2.7\bin;G:\Spark-Hadoop\Maven\bin;%SCALA_HOME%\bin;G:\Spark-Hadoop\Scala\scala-2.12.3\bin;%HADOOP_HOME%\bin;C:\MinGW\bin;C:\Program Files\Java\jre1.8.0_112\bin;C:\Users\nguye\AppData\Roaming\npm;C:\Users\nguye\AppData\Local\Microsoft\WindowsApps;E:\Soft\apache-maven-3.5.0\bin;" />
		<property name="user.language" value="en" />
		<property name="env.JVMCONFIG" value="\.mvn\jvm.config" />
		<property name="env.WINDIR" value="C:\WINDOWS" />
		<property name="sun.boot.library.path" value="C:\Program Files\Java\jdk1.8.0_131\jre\bin" />
		<property name="classworlds.conf"
			value="E:\Soft\apache-maven-3.5.0\bin\..\bin\m2.conf" />
		<property name="java.version" value="1.8.0_131" />
		<property name="env.PROCESSOR_IDENTIFIER"
			value="Intel64 Family 6 Model 60 Stepping 3, GenuineIntel" />
		<property name="user.timezone" value="" />
		<property name="env.TEMP" value="C:\Users\nguye\AppData\Local\Temp" />
		<property name="sun.arch.data.model" value="64" />
		<property name="env.EXEC_DIR" value="G:\SparkCode\demo" />
		<property name="env.=G:" value="G:\SparkCode\demo" />
		<property name="java.endorsed.dirs"
			value="C:\Program Files\Java\jdk1.8.0_131\jre\lib\endorsed" />
		<property name="sun.cpu.isalist" value="amd64" />
		<property name="env.HOMEDRIVE" value="C:" />
		<property name="sun.jnu.encoding" value="Cp1252" />
		<property name="file.encoding.pkg" value="sun.io" />
		<property name="env.SYSTEMDRIVE" value="C:" />
		<property name="file.separator" value="\" />
		<property name="java.specification.name" value="Java Platform API Specification" />
		<property name="maven.conf" value="E:\Soft\apache-maven-3.5.0\bin\../conf" />
		<property name="env.JAVACMD"
			value="C:\Program Files\Java\jdk1.8.0_131\bin\java.exe" />
		<property name="java.class.version" value="52.0" />
		<property name="user.country" value="US" />
		<property name="env. MAVEN_HOME" value="G:\Spark-Hadoop\Maven" />
		<property name="java.home" value="C:\Program Files\Java\jdk1.8.0_131\jre" />
		<property name="env.APPDATA" value="C:\Users\nguye\AppData\Roaming" />
		<property name="env.PUBLIC" value="C:\Users\Public" />
		<property name="java.vm.info" value="mixed mode" />
		<property name="env.OS" value="Windows_NT" />
		<property name="os.version" value="10.0" />
		<property name="env.HADOOP_HOME" value="G:\Spark-Hadoop\Hadoop\hadoop-2.7.4" />
		<property name="env.SPARK_HOME"
			value="G:\Spark-Hadoop\Spark\spark-2.2.0-bin-hadoop2\spark-2.2.0-bin-hadoop2.7" />
		<property name="path.separator" value=";" />
		<property name="java.vm.version" value="25.131-b11" />
		<property name="env.USERPROFILE" value="C:\Users\nguye" />
		<property name="user.variant" value="" />
		<property name="env.JAVA_HOME" value="C:\Program Files\Java\jdk1.8.0_131" />
		<property name="java.awt.printerjob" value="sun.awt.windows.WPrinterJob" />
		<property name="env.TMP" value="C:\Users\nguye\AppData\Local\Temp" />
		<property name="env.PROGRAMFILES" value="C:\Program Files" />
		<property name="sun.io.unicode.encoding" value="UnicodeLittle" />
		<property name="awt.toolkit" value="sun.awt.windows.WToolkit" />
		<property name="sun.stdout.encoding" value="cp437" />
		<property name="user.script" value="" />
		<property name="user.home" value="C:\Users\nguye" />
		<property name="env.COMMONPROGRAMFILES" value="C:\Program Files\Common Files" />
		<property name="env.=EXITCODE" value="00000001" />
		<property name="env.VS140COMNTOOLS"
			value="C:\Program Files (x86)\Microsoft Visual Studio 14.0\Common7\Tools\" />
		<property name="env.SESSIONNAME" value="Console" />
		<property name="java.specification.vendor" value="Oracle Corporation" />
		<property name="java.vendor.url" value="http://java.oracle.com/" />
		<property name="java.library.path"
			value="C:\Program Files\Java\jdk1.8.0_131\bin;C:\WINDOWS\Sun\Java\bin;C:\WINDOWS\system32;C:\WINDOWS;C:\WINDOWS\system32;C:\WINDOWS;C:\WINDOWS\System32\Wbem;C:\WINDOWS\System32\WindowsPowerShell\v1.0\;C:\Program Files\Microsoft SQL Server\120\Tools\Binn\;C:\Program Files\Microsoft SQL Server\130\Tools\Binn\;C:\Program Files\Microsoft SQL Server\120\DTS\Binn\;C:\Program Files\Microsoft SQL Server\Client SDK\ODBC\110\Tools\Binn\;C:\Program Files (x86)\Microsoft SQL Server\120\Tools\Binn\;C:\Program Files (x86)\Microsoft SQL Server\120\Tools\Binn\ManagementStudio\;C:\Program Files (x86)\Microsoft SQL Server\120\DTS\Binn\;C:\Program Files\nodejs\;C:\Program Files\Git\cmd;C:\MinGW\bin;C:\Program Files\Java\jdk1.8.0_131\bin;C:\Users\nguye\AppData\Roaming\npm;C:\adb;C:\WINDOWS\system32;C:\WINDOWS;C:\WINDOWS\System32\Wbem;C:\WINDOWS\System32\WindowsPowerShell\v1.0\;C:\Users\nguye\AppData\Local\Android\sdk;C:\Program Files\dotnet\;E:\Soft\apache-maven-3.5.0\bin;G:\Spark-Hadoop\Spark\spark-2.2.0-bin-hadoop2\spark-2.2.0-bin-hadoop2.7\bin;G:\Spark-Hadoop\Maven\bin;%SCALA_HOME%\bin;G:\Spark-Hadoop\Scala\scala-2.12.3\bin;%HADOOP_HOME%\bin;C:\MinGW\bin;C:\Program Files\Java\jre1.8.0_112\bin;C:\Users\nguye\AppData\Roaming\npm;C:\Users\nguye\AppData\Local\Microsoft\WindowsApps;E:\Soft\apache-maven-3.5.0\bin;;." />
		<property name="env.NUMBER_OF_PROCESSORS" value="8" />
		<property name="library.jansi.path"
			value="E:\Soft\apache-maven-3.5.0\bin\..\lib\jansi-native\windows64" />
		<property name="env.CLASSWORLDS_LAUNCHER"
			value="org.codehaus.plexus.classworlds.launcher.Launcher" />
		<property name="env.PSMODULEPATH"
			value="C:\Program Files\WindowsPowerShell\Modules;C:\WINDOWS\system32\WindowsPowerShell\v1.0\Modules;C:\Program Files (x86)\Microsoft SQL Server\120\Tools\PowerShell\Modules\;C:\Program Files\WindowsPowerShell\Modules\;C:\Program Files (x86)\Microsoft SDKs\Azure\PowerShell\ResourceManager\AzureResourceManager\;C:\Program Files (x86)\Microsoft SDKs\Azure\PowerShell\ServiceManagement\;C:\Program Files (x86)\Microsoft SDKs\Azure\PowerShell\Storage\" />
		<property name="env.COMMONPROGRAMFILES(X86)" value="C:\Program Files (x86)\Common Files" />
		<property name="env.MAVEN_CMD_LINE_ARGS" value="package" />
		<property name="java.vm.vendor" value="Oracle Corporation" />
		<property name="java.runtime.name" value="Java(TM) SE Runtime Environment" />
		<property name="maven.home" value="E:\Soft\apache-maven-3.5.0\bin\.." />
		<property name="java.class.path"
			value="E:\Soft\apache-maven-3.5.0\bin\..\boot\plexus-classworlds-2.5.2.jar" />
		<property name="sun.java.command"
			value="org.codehaus.plexus.classworlds.launcher.Launcher package" />
		<property name="env.PROGRAMW6432" value="C:\Program Files" />
		<property name="maven.version" value="3.5.0" />
		<property name="env.PROGRAMFILES(X86)" value="C:\Program Files (x86)" />
		<property name="java.vm.specification.name" value="Java Virtual Machine Specification" />
		<property name="env.LOGONSERVER" value="\\DESKTOP-JMQKD8S" />
		<property name="java.vm.specification.version" value="1.8" />
		<property name="env.PROCESSOR_ARCHITECTURE" value="AMD64" />
		<property name="env.COMMONPROGRAMW6432" value="C:\Program Files\Common Files" />
		<property name="sun.os.patch.level" value="" />
		<property name="sun.cpu.endian" value="little" />
		<property name="surefire.test.class.path"
			value="G:\SparkCode\demo\target\test-classes;G:\SparkCode\demo\target\classes;C:\Users\nguye\.m2\repository\org\apache\spark\spark-core_2.10\2.2.0\spark-core_2.10-2.2.0.jar;C:\Users\nguye\.m2\repository\org\apache\avro\avro\1.7.7\avro-1.7.7.jar;C:\Users\nguye\.m2\repository\org\codehaus\jackson\jackson-core-asl\1.9.13\jackson-core-asl-1.9.13.jar;C:\Users\nguye\.m2\repository\org\codehaus\jackson\jackson-mapper-asl\1.9.13\jackson-mapper-asl-1.9.13.jar;C:\Users\nguye\.m2\repository\com\thoughtworks\paranamer\paranamer\2.3\paranamer-2.3.jar;C:\Users\nguye\.m2\repository\org\apache\commons\commons-compress\1.4.1\commons-compress-1.4.1.jar;C:\Users\nguye\.m2\repository\org\tukaani\xz\1.0\xz-1.0.jar;C:\Users\nguye\.m2\repository\org\apache\avro\avro-mapred\1.7.7\avro-mapred-1.7.7-hadoop2.jar;C:\Users\nguye\.m2\repository\org\apache\avro\avro-ipc\1.7.7\avro-ipc-1.7.7.jar;C:\Users\nguye\.m2\repository\org\apache\avro\avro-ipc\1.7.7\avro-ipc-1.7.7-tests.jar;C:\Users\nguye\.m2\repository\com\twitter\chill_2.10\0.8.0\chill_2.10-0.8.0.jar;C:\Users\nguye\.m2\repository\com\esotericsoftware\kryo-shaded\3.0.3\kryo-shaded-3.0.3.jar;C:\Users\nguye\.m2\repository\com\esotericsoftware\minlog\1.3.0\minlog-1.3.0.jar;C:\Users\nguye\.m2\repository\org\objenesis\objenesis\2.1\objenesis-2.1.jar;C:\Users\nguye\.m2\repository\com\twitter\chill-java\0.8.0\chill-java-0.8.0.jar;C:\Users\nguye\.m2\repository\org\apache\xbean\xbean-asm5-shaded\4.4\xbean-asm5-shaded-4.4.jar;C:\Users\nguye\.m2\repository\org\apache\hadoop\hadoop-client\2.6.5\hadoop-client-2.6.5.jar;C:\Users\nguye\.m2\repository\org\apache\hadoop\hadoop-common\2.6.5\hadoop-common-2.6.5.jar;C:\Users\nguye\.m2\repository\commons-cli\commons-cli\1.2\commons-cli-1.2.jar;C:\Users\nguye\.m2\repository\xmlenc\xmlenc\0.52\xmlenc-0.52.jar;C:\Users\nguye\.m2\repository\commons-httpclient\commons-httpclient\3.1\commons-httpclient-3.1.jar;C:\Users\nguye\.m2\repository\commons-io\commons-io\2.4\commons-io-2.4.jar;C:\Users\nguye\.m2\repository\commons-collections\commons-collections\3.2.2\commons-collections-3.2.2.jar;C:\Users\nguye\.m2\repository\commons-lang\commons-lang\2.6\commons-lang-2.6.jar;C:\Users\nguye\.m2\repository\commons-configuration\commons-configuration\1.6\commons-configuration-1.6.jar;C:\Users\nguye\.m2\repository\commons-digester\commons-digester\1.8\commons-digester-1.8.jar;C:\Users\nguye\.m2\repository\commons-beanutils\commons-beanutils\1.7.0\commons-beanutils-1.7.0.jar;C:\Users\nguye\.m2\repository\commons-beanutils\commons-beanutils-core\1.8.0\commons-beanutils-core-1.8.0.jar;C:\Users\nguye\.m2\repository\com\google\protobuf\protobuf-java\2.5.0\protobuf-java-2.5.0.jar;C:\Users\nguye\.m2\repository\com\google\code\gson\gson\2.2.4\gson-2.2.4.jar;C:\Users\nguye\.m2\repository\org\apache\hadoop\hadoop-auth\2.6.5\hadoop-auth-2.6.5.jar;C:\Users\nguye\.m2\repository\org\apache\directory\server\apacheds-kerberos-codec\2.0.0-M15\apacheds-kerberos-codec-2.0.0-M15.jar;C:\Users\nguye\.m2\repository\org\apache\directory\server\apacheds-i18n\2.0.0-M15\apacheds-i18n-2.0.0-M15.jar;C:\Users\nguye\.m2\repository\org\apache\directory\api\api-asn1-api\1.0.0-M20\api-asn1-api-1.0.0-M20.jar;C:\Users\nguye\.m2\repository\org\apache\directory\api\api-util\1.0.0-M20\api-util-1.0.0-M20.jar;C:\Users\nguye\.m2\repository\org\apache\curator\curator-client\2.6.0\curator-client-2.6.0.jar;C:\Users\nguye\.m2\repository\org\htrace\htrace-core\3.0.4\htrace-core-3.0.4.jar;C:\Users\nguye\.m2\repository\org\apache\hadoop\hadoop-hdfs\2.6.5\hadoop-hdfs-2.6.5.jar;C:\Users\nguye\.m2\repository\org\mortbay\jetty\jetty-util\6.1.26\jetty-util-6.1.26.jar;C:\Users\nguye\.m2\repository\xerces\xercesImpl\2.9.1\xercesImpl-2.9.1.jar;C:\Users\nguye\.m2\repository\xml-apis\xml-apis\1.3.04\xml-apis-1.3.04.jar;C:\Users\nguye\.m2\repository\org\apache\hadoop\hadoop-mapreduce-client-app\2.6.5\hadoop-mapreduce-client-app-2.6.5.jar;C:\Users\nguye\.m2\repository\org\apache\hadoop\hadoop-mapreduce-client-common\2.6.5\hadoop-mapreduce-client-common-2.6.5.jar;C:\Users\nguye\.m2\repository\org\apache\hadoop\hadoop-yarn-client\2.6.5\hadoop-yarn-client-2.6.5.jar;C:\Users\nguye\.m2\repository\org\apache\hadoop\hadoop-yarn-server-common\2.6.5\hadoop-yarn-server-common-2.6.5.jar;C:\Users\nguye\.m2\repository\org\apache\hadoop\hadoop-mapreduce-client-shuffle\2.6.5\hadoop-mapreduce-client-shuffle-2.6.5.jar;C:\Users\nguye\.m2\repository\org\apache\hadoop\hadoop-yarn-api\2.6.5\hadoop-yarn-api-2.6.5.jar;C:\Users\nguye\.m2\repository\org\apache\hadoop\hadoop-mapreduce-client-core\2.6.5\hadoop-mapreduce-client-core-2.6.5.jar;C:\Users\nguye\.m2\repository\org\apache\hadoop\hadoop-yarn-common\2.6.5\hadoop-yarn-common-2.6.5.jar;C:\Users\nguye\.m2\repository\javax\xml\bind\jaxb-api\2.2.2\jaxb-api-2.2.2.jar;C:\Users\nguye\.m2\repository\javax\xml\stream\stax-api\1.0-2\stax-api-1.0-2.jar;C:\Users\nguye\.m2\repository\org\codehaus\jackson\jackson-jaxrs\1.9.13\jackson-jaxrs-1.9.13.jar;C:\Users\nguye\.m2\repository\org\codehaus\jackson\jackson-xc\1.9.13\jackson-xc-1.9.13.jar;C:\Users\nguye\.m2\repository\org\apache\hadoop\hadoop-mapreduce-client-jobclient\2.6.5\hadoop-mapreduce-client-jobclient-2.6.5.jar;C:\Users\nguye\.m2\repository\org\apache\hadoop\hadoop-annotations\2.6.5\hadoop-annotations-2.6.5.jar;C:\Users\nguye\.m2\repository\org\apache\spark\spark-launcher_2.10\2.2.0\spark-launcher_2.10-2.2.0.jar;C:\Users\nguye\.m2\repository\org\apache\spark\spark-network-common_2.10\2.2.0\spark-network-common_2.10-2.2.0.jar;C:\Users\nguye\.m2\repository\org\fusesource\leveldbjni\leveldbjni-all\1.8\leveldbjni-all-1.8.jar;C:\Users\nguye\.m2\repository\com\fasterxml\jackson\core\jackson-annotations\2.6.5\jackson-annotations-2.6.5.jar;C:\Users\nguye\.m2\repository\org\apache\spark\spark-network-shuffle_2.10\2.2.0\spark-network-shuffle_2.10-2.2.0.jar;C:\Users\nguye\.m2\repository\org\apache\spark\spark-unsafe_2.10\2.2.0\spark-unsafe_2.10-2.2.0.jar;C:\Users\nguye\.m2\repository\net\java\dev\jets3t\jets3t\0.9.3\jets3t-0.9.3.jar;C:\Users\nguye\.m2\repository\org\apache\httpcomponents\httpcore\4.3.3\httpcore-4.3.3.jar;C:\Users\nguye\.m2\repository\org\apache\httpcomponents\httpclient\4.3.6\httpclient-4.3.6.jar;C:\Users\nguye\.m2\repository\commons-codec\commons-codec\1.8\commons-codec-1.8.jar;C:\Users\nguye\.m2\repository\javax\activation\activation\1.1.1\activation-1.1.1.jar;C:\Users\nguye\.m2\repository\mx4j\mx4j\3.0.2\mx4j-3.0.2.jar;C:\Users\nguye\.m2\repository\javax\mail\mail\1.4.7\mail-1.4.7.jar;C:\Users\nguye\.m2\repository\org\bouncycastle\bcprov-jdk15on\1.51\bcprov-jdk15on-1.51.jar;C:\Users\nguye\.m2\repository\com\jamesmurty\utils\java-xmlbuilder\1.0\java-xmlbuilder-1.0.jar;C:\Users\nguye\.m2\repository\net\iharder\base64\2.3.8\base64-2.3.8.jar;C:\Users\nguye\.m2\repository\org\apache\curator\curator-recipes\2.6.0\curator-recipes-2.6.0.jar;C:\Users\nguye\.m2\repository\org\apache\curator\curator-framework\2.6.0\curator-framework-2.6.0.jar;C:\Users\nguye\.m2\repository\org\apache\zookeeper\zookeeper\3.4.6\zookeeper-3.4.6.jar;C:\Users\nguye\.m2\repository\com\google\guava\guava\16.0.1\guava-16.0.1.jar;C:\Users\nguye\.m2\repository\javax\servlet\javax.servlet-api\3.1.0\javax.servlet-api-3.1.0.jar;C:\Users\nguye\.m2\repository\org\apache\commons\commons-lang3\3.5\commons-lang3-3.5.jar;C:\Users\nguye\.m2\repository\org\apache\commons\commons-math3\3.4.1\commons-math3-3.4.1.jar;C:\Users\nguye\.m2\repository\com\google\code\findbugs\jsr305\1.3.9\jsr305-1.3.9.jar;C:\Users\nguye\.m2\repository\org\slf4j\slf4j-api\1.7.16\slf4j-api-1.7.16.jar;C:\Users\nguye\.m2\repository\org\slf4j\jul-to-slf4j\1.7.16\jul-to-slf4j-1.7.16.jar;C:\Users\nguye\.m2\repository\org\slf4j\jcl-over-slf4j\1.7.16\jcl-over-slf4j-1.7.16.jar;C:\Users\nguye\.m2\repository\log4j\log4j\1.2.17\log4j-1.2.17.jar;C:\Users\nguye\.m2\repository\org\slf4j\slf4j-log4j12\1.7.16\slf4j-log4j12-1.7.16.jar;C:\Users\nguye\.m2\repository\com\ning\compress-lzf\1.0.3\compress-lzf-1.0.3.jar;C:\Users\nguye\.m2\repository\org\xerial\snappy\snappy-java\1.1.2.6\snappy-java-1.1.2.6.jar;C:\Users\nguye\.m2\repository\net\jpountz\lz4\lz4\1.3.0\lz4-1.3.0.jar;C:\Users\nguye\.m2\repository\org\roaringbitmap\RoaringBitmap\0.5.11\RoaringBitmap-0.5.11.jar;C:\Users\nguye\.m2\repository\commons-net\commons-net\2.2\commons-net-2.2.jar;C:\Users\nguye\.m2\repository\org\scala-lang\scala-library\2.10.6\scala-library-2.10.6.jar;C:\Users\nguye\.m2\repository\org\json4s\json4s-jackson_2.10\3.2.11\json4s-jackson_2.10-3.2.11.jar;C:\Users\nguye\.m2\repository\org\json4s\json4s-core_2.10\3.2.11\json4s-core_2.10-3.2.11.jar;C:\Users\nguye\.m2\repository\org\json4s\json4s-ast_2.10\3.2.11\json4s-ast_2.10-3.2.11.jar;C:\Users\nguye\.m2\repository\org\scala-lang\scalap\2.10.0\scalap-2.10.0.jar;C:\Users\nguye\.m2\repository\org\scala-lang\scala-compiler\2.10.0\scala-compiler-2.10.0.jar;C:\Users\nguye\.m2\repository\org\glassfish\jersey\core\jersey-client\2.22.2\jersey-client-2.22.2.jar;C:\Users\nguye\.m2\repository\javax\ws\rs\javax.ws.rs-api\2.0.1\javax.ws.rs-api-2.0.1.jar;C:\Users\nguye\.m2\repository\org\glassfish\hk2\hk2-api\2.4.0-b34\hk2-api-2.4.0-b34.jar;C:\Users\nguye\.m2\repository\org\glassfish\hk2\hk2-utils\2.4.0-b34\hk2-utils-2.4.0-b34.jar;C:\Users\nguye\.m2\repository\org\glassfish\hk2\external\aopalliance-repackaged\2.4.0-b34\aopalliance-repackaged-2.4.0-b34.jar;C:\Users\nguye\.m2\repository\org\glassfish\hk2\external\javax.inject\2.4.0-b34\javax.inject-2.4.0-b34.jar;C:\Users\nguye\.m2\repository\org\glassfish\hk2\hk2-locator\2.4.0-b34\hk2-locator-2.4.0-b34.jar;C:\Users\nguye\.m2\repository\org\javassist\javassist\3.18.1-GA\javassist-3.18.1-GA.jar;C:\Users\nguye\.m2\repository\org\glassfish\jersey\core\jersey-common\2.22.2\jersey-common-2.22.2.jar;C:\Users\nguye\.m2\repository\javax\annotation\javax.annotation-api\1.2\javax.annotation-api-1.2.jar;C:\Users\nguye\.m2\repository\org\glassfish\jersey\bundles\repackaged\jersey-guava\2.22.2\jersey-guava-2.22.2.jar;C:\Users\nguye\.m2\repository\org\glassfish\hk2\osgi-resource-locator\1.0.1\osgi-resource-locator-1.0.1.jar;C:\Users\nguye\.m2\repository\org\glassfish\jersey\core\jersey-server\2.22.2\jersey-server-2.22.2.jar;C:\Users\nguye\.m2\repository\org\glassfish\jersey\media\jersey-media-jaxb\2.22.2\jersey-media-jaxb-2.22.2.jar;C:\Users\nguye\.m2\repository\javax\validation\validation-api\1.1.0.Final\validation-api-1.1.0.Final.jar;C:\Users\nguye\.m2\repository\org\glassfish\jersey\containers\jersey-container-servlet\2.22.2\jersey-container-servlet-2.22.2.jar;C:\Users\nguye\.m2\repository\org\glassfish\jersey\containers\jersey-container-servlet-core\2.22.2\jersey-container-servlet-core-2.22.2.jar;C:\Users\nguye\.m2\repository\io\netty\netty-all\4.0.43.Final\netty-all-4.0.43.Final.jar;C:\Users\nguye\.m2\repository\io\netty\netty\3.9.9.Final\netty-3.9.9.Final.jar;C:\Users\nguye\.m2\repository\com\clearspring\analytics\stream\2.7.0\stream-2.7.0.jar;C:\Users\nguye\.m2\repository\io\dropwizard\metrics\metrics-core\3.1.2\metrics-core-3.1.2.jar;C:\Users\nguye\.m2\repository\io\dropwizard\metrics\metrics-jvm\3.1.2\metrics-jvm-3.1.2.jar;C:\Users\nguye\.m2\repository\io\dropwizard\metrics\metrics-json\3.1.2\metrics-json-3.1.2.jar;C:\Users\nguye\.m2\repository\io\dropwizard\metrics\metrics-graphite\3.1.2\metrics-graphite-3.1.2.jar;C:\Users\nguye\.m2\repository\com\fasterxml\jackson\core\jackson-databind\2.6.5\jackson-databind-2.6.5.jar;C:\Users\nguye\.m2\repository\com\fasterxml\jackson\core\jackson-core\2.6.5\jackson-core-2.6.5.jar;C:\Users\nguye\.m2\repository\com\fasterxml\jackson\module\jackson-module-scala_2.10\2.6.5\jackson-module-scala_2.10-2.6.5.jar;C:\Users\nguye\.m2\repository\org\scala-lang\scala-reflect\2.10.6\scala-reflect-2.10.6.jar;C:\Users\nguye\.m2\repository\com\fasterxml\jackson\module\jackson-module-paranamer\2.6.5\jackson-module-paranamer-2.6.5.jar;C:\Users\nguye\.m2\repository\org\apache\ivy\ivy\2.4.0\ivy-2.4.0.jar;C:\Users\nguye\.m2\repository\oro\oro\2.0.8\oro-2.0.8.jar;C:\Users\nguye\.m2\repository\net\razorvine\pyrolite\4.13\pyrolite-4.13.jar;C:\Users\nguye\.m2\repository\net\sf\py4j\py4j\0.10.4\py4j-0.10.4.jar;C:\Users\nguye\.m2\repository\org\apache\spark\spark-tags_2.10\2.2.0\spark-tags_2.10-2.2.0.jar;C:\Users\nguye\.m2\repository\org\apache\commons\commons-crypto\1.0.0\commons-crypto-1.0.0.jar;C:\Users\nguye\.m2\repository\org\spark-project\spark\unused\1.0.0\unused-1.0.0.jar;C:\Users\nguye\.m2\repository\org\apache\spark\spark-sql_2.10\2.2.0\spark-sql_2.10-2.2.0.jar;C:\Users\nguye\.m2\repository\com\univocity\univocity-parsers\2.2.1\univocity-parsers-2.2.1.jar;C:\Users\nguye\.m2\repository\org\apache\spark\spark-sketch_2.10\2.2.0\spark-sketch_2.10-2.2.0.jar;C:\Users\nguye\.m2\repository\org\apache\spark\spark-catalyst_2.10\2.2.0\spark-catalyst_2.10-2.2.0.jar;C:\Users\nguye\.m2\repository\org\codehaus\janino\janino\3.0.0\janino-3.0.0.jar;C:\Users\nguye\.m2\repository\org\codehaus\janino\commons-compiler\3.0.0\commons-compiler-3.0.0.jar;C:\Users\nguye\.m2\repository\org\antlr\antlr4-runtime\4.5.3\antlr4-runtime-4.5.3.jar;C:\Users\nguye\.m2\repository\org\apache\parquet\parquet-column\1.8.2\parquet-column-1.8.2.jar;C:\Users\nguye\.m2\repository\org\apache\parquet\parquet-common\1.8.2\parquet-common-1.8.2.jar;C:\Users\nguye\.m2\repository\org\apache\parquet\parquet-encoding\1.8.2\parquet-encoding-1.8.2.jar;C:\Users\nguye\.m2\repository\org\apache\parquet\parquet-hadoop\1.8.2\parquet-hadoop-1.8.2.jar;C:\Users\nguye\.m2\repository\org\apache\parquet\parquet-format\2.3.1\parquet-format-2.3.1.jar;C:\Users\nguye\.m2\repository\org\apache\parquet\parquet-jackson\1.8.2\parquet-jackson-1.8.2.jar;C:\Users\nguye\.m2\repository\junit\junit\4.12\junit-4.12.jar;C:\Users\nguye\.m2\repository\org\hamcrest\hamcrest-core\1.3\hamcrest-core-1.3.jar;" />
		<property name="java.io.tmpdir" value="C:\Users\nguye\AppData\Local\Temp\" />
		<property name="env.PROCESSOR_REVISION" value="3c03" />
		<property name="java.vendor.url.bug" value="http://bugreport.sun.com/bugreport/" />
		<property name="maven.multiModuleProjectDirectory" value="G:\SparkCode\demo" />
		<property name="env.COMSPEC" value="C:\WINDOWS\system32\cmd.exe" />
		<property name="env.PROGRAMDATA" value="C:\ProgramData" />
		<property name="java.awt.graphicsenv" value="sun.awt.Win32GraphicsEnvironment" />
		<property name="os.arch" value="amd64" />
		<property name="java.ext.dirs"
			value="C:\Program Files\Java\jdk1.8.0_131\jre\lib\ext;C:\WINDOWS\Sun\Java\lib\ext" />
		<property name="user.dir" value="G:\SparkCode\demo" />
		<property name="env.LOCALAPPDATA" value="C:\Users\nguye\AppData\Local" />
		<property name="env.MAVEN_HOME" value="E:\Soft\apache-maven-3.5.0\bin\.." />
		<property name="line.separator" value="
" />
		<property name="java.vm.name" value="Java HotSpot(TM) 64-Bit Server VM" />
		<property name="env.CLASSWORLDS_JAR"
			value="&quot;E:\Soft\apache-maven-3.5.0\bin\..\boot\plexus-classworlds-2.5.2.jar&quot;" />
		<property name="env.PATHEXT"
			value=".COM;.EXE;.BAT;.CMD;.VBS;.VBE;.JS;.JSE;.WSF;.WSH;.MSC" />
		<property name="basedir" value="G:\SparkCode\demo" />
		<property name="env.ERROR_CODE" value="0" />
		<property name="env.USERNAME" value="nguye" />
		<property name="env.SCALA_HOME" value="G:\Spark-Hadoop\Scala\scala-2.12.3" />
		<property name="file.encoding" value="Cp1252" />
		<property name="sun.stderr.encoding" value="cp437" />
		<property name="env.USERDOMAIN" value="DESKTOP-JMQKD8S" />
		<property name="java.specification.version" value="1.8" />
		<property name="env.=C:" value="C:\Users\nguye" />
		<property name="env.VBOX_MSI_INSTALL_PATH" value="C:\Program Files\Oracle\VirtualBox\" />
		<property name="env.MAVEN_PROJECTBASEDIR" value="G:\SparkCode\demo" />
		<property name="env.PROCESSOR_LEVEL" value="6" />
	</properties>
	<testcase classname="knearestneighbor.demo.AppTest" name="testApp"
		time="0.001" />
</testsuite>